# JRE version: OpenJDK Runtime Environment Microsoft-8035246 (17.0.8+7) (build 17.0.8+7-LTS)
# Java VM: OpenJDK 64-Bit Server VM Microsoft-8035246 (17.0.8+7-LTS, mixed mode, sharing, tiered, compressed oops, compressed class ptrs, g1 gc, windows-amd64)
GC Precious Log:
 CPUs: 12 total, 12 available
 Memory: 32635M
 Large Page Support: Disabled
 NUMA Support: Disabled
 Compressed Oops: Enabled (32-bit)
 Heap Region Size: 1M
 Heap Min Capacity: 8M
 Heap Initial Capacity: 510M
 Heap Max Capacity: 2G
 Pre-touch: Disabled
 Parallel Workers: 10
 Concurrent Workers: 3
 Concurrent Refinement Workers: 10
 Periodic GC: Disabled
Heap:
 garbage-first heap   total 250880K, used 179749K [0x0000000080000000, 0x0000000100000000)
  region size 1024K, 13 young (13312K), 3 survivors (3072K)
 Metaspace       used 104453K, committed 105536K, reserved 557056K
  class space    used 14623K, committed 15104K, reserved 425984K
GC Heap History (20 events):
Event: 39.401 GC heap before
{Heap before GC invocations=40 (full 0):
 garbage-first heap   total 229376K, used 187392K [0x0000000080000000, 0x0000000100000000)
  region size 1024K, 59 young (60416K), 2 survivors (2048K)
 Metaspace       used 94564K, committed 95552K, reserved 557056K
  class space    used 13253K, committed 13696K, reserved 425984K
}
Event: 39.408 GC heap after
{Heap after GC invocations=41 (full 0):
 garbage-first heap   total 229376K, used 142994K [0x0000000080000000, 0x0000000100000000)
  region size 1024K, 8 young (8192K), 8 survivors (8192K)
 Metaspace       used 94564K, committed 95552K, reserved 557056K
  class space    used 13253K, committed 13696K, reserved 425984K
}
Event: 39.452 GC heap before
{Heap before GC invocations=41 (full 0):
 garbage-first heap   total 229376K, used 146066K [0x0000000080000000, 0x0000000100000000)
  region size 1024K, 11 young (11264K), 8 survivors (8192K)
 Metaspace       used 94706K, committed 95680K, reserved 557056K
  class space    used 13267K, committed 13696K, reserved 425984K
}
Event: 39.458 GC heap after
{Heap after GC invocations=42 (full 0):
 garbage-first heap   total 229376K, used 143663K [0x0000000080000000, 0x0000000100000000)
  region size 1024K, 1 young (1024K), 1 survivors (1024K)
 Metaspace       used 94706K, committed 95680K, reserved 557056K
  class space    used 13267K, committed 13696K, reserved 425984K
}
Event: 40.124 GC heap before
{Heap before GC invocations=42 (full 0):
 garbage-first heap   total 229376K, used 185647K [0x0000000080000000, 0x0000000100000000)
  region size 1024K, 42 young (43008K), 1 survivors (1024K)
 Metaspace       used 97864K, committed 98880K, reserved 557056K
  class space    used 13759K, committed 14208K, reserved 425984K
}
Event: 40.129 GC heap after
{Heap after GC invocations=43 (full 0):
 garbage-first heap   total 229376K, used 145177K [0x0000000080000000, 0x0000000100000000)
  region size 1024K, 3 young (3072K), 3 survivors (3072K)
 Metaspace       used 97864K, committed 98880K, reserved 557056K
  class space    used 13759K, committed 14208K, reserved 425984K
}
Event: 41.172 GC heap before
{Heap before GC invocations=44 (full 0):
 garbage-first heap   total 250880K, used 186137K [0x0000000080000000, 0x0000000100000000)
  region size 1024K, 43 young (44032K), 3 survivors (3072K)
 Metaspace       used 100720K, committed 101760K, reserved 557056K
  class space    used 14103K, committed 14592K, reserved 425984K
}
Event: 41.179 GC heap after
{Heap after GC invocations=45 (full 0):
 garbage-first heap   total 250880K, used 149044K [0x0000000080000000, 0x0000000100000000)
  region size 1024K, 6 young (6144K), 6 survivors (6144K)
 Metaspace       used 100720K, committed 101760K, reserved 557056K
  class space    used 14103K, committed 14592K, reserved 425984K
}
Event: 41.278 GC heap before
{Heap before GC invocations=45 (full 0):
 garbage-first heap   total 250880K, used 155188K [0x0000000080000000, 0x0000000100000000)
  region size 1024K, 12 young (12288K), 6 survivors (6144K)
 Metaspace       used 101097K, committed 102080K, reserved 557056K
  class space    used 14147K, committed 14592K, reserved 425984K
}
Event: 41.286 GC heap after
{Heap after GC invocations=46 (full 0):
 garbage-first heap   total 250880K, used 148937K [0x0000000080000000, 0x0000000100000000)
  region size 1024K, 1 young (1024K), 1 survivors (1024K)
 Metaspace       used 101097K, committed 102080K, reserved 557056K
  class space    used 14147K, committed 14592K, reserved 425984K
}
Event: 42.005 GC heap before
{Heap before GC invocations=46 (full 0):
 garbage-first heap   total 250880K, used 205257K [0x0000000080000000, 0x0000000100000000)
  region size 1024K, 56 young (57344K), 1 survivors (1024K)
 Metaspace       used 102448K, committed 103488K, reserved 557056K
  class space    used 14301K, committed 14784K, reserved 425984K
}
Event: 42.011 GC heap after
{Heap after GC invocations=47 (full 0):
 garbage-first heap   total 250880K, used 155039K [0x0000000080000000, 0x0000000100000000)
  region size 1024K, 7 young (7168K), 7 survivors (7168K)
 Metaspace       used 102448K, committed 103488K, reserved 557056K
  class space    used 14301K, committed 14784K, reserved 425984K
}
Event: 42.517 GC heap before
{Heap before GC invocations=47 (full 0):
 garbage-first heap   total 250880K, used 206239K [0x0000000080000000, 0x0000000100000000)
  region size 1024K, 57 young (58368K), 7 survivors (7168K)
 Metaspace       used 103200K, committed 104256K, reserved 557056K
  class space    used 14384K, committed 14848K, reserved 425984K
}
Event: 42.526 GC heap after
{Heap after GC invocations=48 (full 0):
 garbage-first heap   total 250880K, used 160520K [0x0000000080000000, 0x0000000100000000)
  region size 1024K, 6 young (6144K), 6 survivors (6144K)
 Metaspace       used 103200K, committed 104256K, reserved 557056K
  class space    used 14384K, committed 14848K, reserved 425984K
}
Event: 42.984 GC heap before
{Heap before GC invocations=48 (full 0):
 garbage-first heap   total 250880K, used 207624K [0x0000000080000000, 0x0000000100000000)
  region size 1024K, 53 young (54272K), 6 survivors (6144K)
 Metaspace       used 104021K, committed 105088K, reserved 557056K
  class space    used 14573K, committed 15040K, reserved 425984K
}
Event: 42.991 GC heap after
{Heap after GC invocations=49 (full 0):
 garbage-first heap   total 250880K, used 162951K [0x0000000080000000, 0x0000000100000000)
  region size 1024K, 3 young (3072K), 3 survivors (3072K)
 Metaspace       used 104021K, committed 105088K, reserved 557056K
  class space    used 14573K, committed 15040K, reserved 425984K
}
Event: 43.940 GC heap before
{Heap before GC invocations=49 (full 0):
 garbage-first heap   total 250880K, used 209031K [0x0000000080000000, 0x0000000100000000)
  region size 1024K, 49 young (50176K), 3 survivors (3072K)
 Metaspace       used 104416K, committed 105472K, reserved 557056K
  class space    used 14622K, committed 15104K, reserved 425984K
}
Event: 43.946 GC heap after
{Heap after GC invocations=50 (full 0):
 garbage-first heap   total 250880K, used 167745K [0x0000000080000000, 0x0000000100000000)
  region size 1024K, 7 young (7168K), 7 survivors (7168K)
 Metaspace       used 104416K, committed 105472K, reserved 557056K
  class space    used 14622K, committed 15104K, reserved 425984K
}
Event: 44.864 GC heap before
{Heap before GC invocations=50 (full 0):
 garbage-first heap   total 250880K, used 210753K [0x0000000080000000, 0x0000000100000000)
  region size 1024K, 50 young (51200K), 7 survivors (7168K)
 Metaspace       used 104452K, committed 105536K, reserved 557056K
  class space    used 14622K, committed 15104K, reserved 425984K
}
Event: 44.869 GC heap after
{Heap after GC invocations=51 (full 0):
 garbage-first heap   total 250880K, used 170533K [0x0000000080000000, 0x0000000100000000)
  region size 1024K, 3 young (3072K), 3 survivors (3072K)
 Metaspace       used 104452K, committed 105536K, reserved 557056K
  class space    used 14622K, committed 15104K, reserved 425984K
}

